<?xml version="1.0" encoding="UTF-8"?>
<testsuite name="tv.codely.kata.gildedrose.GildedRoseShould" tests="11" skipped="0" failures="0" errors="0" timestamp="2020-12-08T18:53:30" hostname="miguel-MS-7A70" time="0.014">
  <properties/>
  <testcase name="testSulfurasNeverChanges()" classname="tv.codely.kata.gildedrose.GildedRoseShould" time="0.007"/>
  <testcase name="testAgedBrieIncreasesQualityWithAge()" classname="tv.codely.kata.gildedrose.GildedRoseShould" time="0.0"/>
  <testcase name="testBackstagePassIncreasesQualityByThreeIfSellBySmallerThanFive()" classname="tv.codely.kata.gildedrose.GildedRoseShould" time="0.001"/>
  <testcase name="testThatQualityIsNeverNegative()" classname="tv.codely.kata.gildedrose.GildedRoseShould" time="0.0"/>
  <testcase name="testThatSellInValueIsDecreased()" classname="tv.codely.kata.gildedrose.GildedRoseShould" time="0.0"/>
  <testcase name="testBackstagePassLosesValueAfterSellByPasses()" classname="tv.codely.kata.gildedrose.GildedRoseShould" time="0.001"/>
  <testcase name="testThatQualityDecreasesTwiceAsMuchWhenSellByIsPassed()" classname="tv.codely.kata.gildedrose.GildedRoseShould" time="0.0"/>
  <testcase name="testBackstagePassIncreasesQualityByTwoIfSellBySmallerThanTen()" classname="tv.codely.kata.gildedrose.GildedRoseShould" time="0.0"/>
  <testcase name="testBackstagePassIncreasesQualityByOneIfSellByGreaterThenTen()" classname="tv.codely.kata.gildedrose.GildedRoseShould" time="0.0"/>
  <testcase name="testThatQualityValueIsDecreased()" classname="tv.codely.kata.gildedrose.GildedRoseShould" time="0.001"/>
  <testcase name="testQualityNeverIncreasesPastFifty()" classname="tv.codely.kata.gildedrose.GildedRoseShould" time="0.0"/>
  <system-out><![CDATA[]]></system-out>
  <system-err><![CDATA[]]></system-err>
</testsuite>
